Determining if the pthread_create exist failed with the following output:
Change Dir: /home/mcw/McW/fmod/build/CMakeFiles/CMakeTmp

Run Build Command:"/usr/bin/make" "cmTC_128d0/fast"
/usr/bin/make -f CMakeFiles/cmTC_128d0.dir/build.make CMakeFiles/cmTC_128d0.dir/build
make[1]: Entering directory '/home/mcw/McW/fmod/build/CMakeFiles/CMakeTmp'
Building C object CMakeFiles/cmTC_128d0.dir/CheckSymbolExists.c.o
/usr/bin/cc    -o CMakeFiles/cmTC_128d0.dir/CheckSymbolExists.c.o   -c /home/mcw/McW/fmod/build/CMakeFiles/CMakeTmp/CheckSymbolExists.c
Linking C executable cmTC_128d0
/usr/bin/cmake -E cmake_link_script CMakeFiles/cmTC_128d0.dir/link.txt --verbose=1
/usr/bin/cc      -rdynamic CMakeFiles/cmTC_128d0.dir/CheckSymbolExists.c.o  -o cmTC_128d0 
CMakeFiles/cmTC_128d0.dir/CheckSymbolExists.c.o: In function `main':
CheckSymbolExists.c:(.text+0x1b): undefined reference to `pthread_create'
collect2: error: ld returned 1 exit status
CMakeFiles/cmTC_128d0.dir/build.make:97: recipe for target 'cmTC_128d0' failed
make[1]: *** [cmTC_128d0] Error 1
make[1]: Leaving directory '/home/mcw/McW/fmod/build/CMakeFiles/CMakeTmp'
Makefile:126: recipe for target 'cmTC_128d0/fast' failed
make: *** [cmTC_128d0/fast] Error 2

File /home/mcw/McW/fmod/build/CMakeFiles/CMakeTmp/CheckSymbolExists.c:
/* */
#include <pthread.h>

int main(int argc, char** argv)
{
  (void)argv;
#ifndef pthread_create
  return ((int*)(&pthread_create))[argc];
#else
  (void)argc;
  return 0;
#endif
}

Determining if the function pthread_create exists in the pthreads failed with the following output:
Change Dir: /home/mcw/McW/fmod/build/CMakeFiles/CMakeTmp

Run Build Command:"/usr/bin/make" "cmTC_42ee2/fast"
/usr/bin/make -f CMakeFiles/cmTC_42ee2.dir/build.make CMakeFiles/cmTC_42ee2.dir/build
make[1]: Entering directory '/home/mcw/McW/fmod/build/CMakeFiles/CMakeTmp'
Building C object CMakeFiles/cmTC_42ee2.dir/CheckFunctionExists.c.o
/usr/bin/cc   -DCHECK_FUNCTION_EXISTS=pthread_create   -o CMakeFiles/cmTC_42ee2.dir/CheckFunctionExists.c.o   -c /usr/share/cmake-3.10/Modules/CheckFunctionExists.c
Linking C executable cmTC_42ee2
/usr/bin/cmake -E cmake_link_script CMakeFiles/cmTC_42ee2.dir/link.txt --verbose=1
/usr/bin/cc  -DCHECK_FUNCTION_EXISTS=pthread_create    -rdynamic CMakeFiles/cmTC_42ee2.dir/CheckFunctionExists.c.o  -o cmTC_42ee2 -lpthreads 
/usr/bin/ld: cannot find -lpthreads
collect2: error: ld returned 1 exit status
CMakeFiles/cmTC_42ee2.dir/build.make:97: recipe for target 'cmTC_42ee2' failed
make[1]: *** [cmTC_42ee2] Error 1
make[1]: Leaving directory '/home/mcw/McW/fmod/build/CMakeFiles/CMakeTmp'
Makefile:126: recipe for target 'cmTC_42ee2/fast' failed
make: *** [cmTC_42ee2/fast] Error 2


